<?xml version="1.0" encoding="UTF-8"?>
<!-- Generated by org.testng.reporters.JUnitReportReporter -->
<testsuite hostname="BCTCL-DL5420242" failures="0" tests="1" name="Tests.ProductPage" time="0.012" errors="0" timestamp="2025-01-02T13:15:28 IST" skipped="0">
  <testcase classname="Tests.ProductPage" name="searchProduct" time="0.012"/>
</testsuite> <!-- Tests.ProductPage -->
