<?xml version="1.0" encoding="UTF-8"?>
<!-- Generated by org.testng.reporters.JUnitReportReporter -->
<testsuite hostname="BCTCL-DL5420242" failures="0" tests="4" name="Tests.LoginPage" time="0.035" errors="0" timestamp="2024-12-27T12:34:25 IST" skipped="0">
  <testcase classname="Tests.LoginPage" name="Login" time="0.002"/>
  <testcase classname="Tests.LoginPage" name="welcome" time="0.001"/>
  <testcase classname="Tests.LoginPage" name="Signup" time="0.001"/>
  <testcase classname="Tests.LoginPage" name="Home" time="0.031"/>
</testsuite> <!-- Tests.LoginPage -->
