<?xml version="1.0" encoding="UTF-8"?>
<!-- Generated by org.testng.reporters.JUnitReportReporter -->
<testsuite hostname="BCTCL-DL5420242" failures="0" tests="4" name="Tests.LoginPage" time="0.013" errors="0" timestamp="2025-01-02T13:03:23 IST" skipped="0">
  <testcase classname="Tests.LoginPage" name="welcome" time="0.001"/>
  <testcase classname="Tests.LoginPage" name="Home" time="0.010"/>
  <testcase classname="Tests.LoginPage" name="Login" time="0.001"/>
  <testcase classname="Tests.LoginPage" name="Signup" time="0.001"/>
</testsuite> <!-- Tests.LoginPage -->
